#
# There is insufficient memory for the Java Runtime Environment to continue.
# Native memory allocation (mmap) failed to map 266338304 bytes. Error detail: G1 virtual space
# Possible reasons:
#   The system is out of physical RAM or swap space
#   This process is running with CompressedOops enabled, and the Java Heap may be blocking the growth of the native heap
# Possible solutions:
#   Reduce memory load on the system
#   Increase physical memory or swap space
#   Check if swap backing store is full
#   Decrease Java heap size (-Xmx/-Xms)
#   Decrease number of Java threads
#   Decrease Java thread stack sizes (-Xss)
#   Set larger code cache with -XX:ReservedCodeCacheSize=
#   JVM is running with Zero Based Compressed Oops mode in which the Java heap is
#     placed in the first 32GB address space. The Java Heap base address is the
#     maximum limit for the native heap growth. Please use -XX:HeapBaseMinAddress
#     to set the Java Heap base and to place the Java Heap above 32GB virtual address.
# This output file may be truncated or incomplete.
#
#  Out of Memory Error (os_windows.cpp:3766), pid=25260, tid=18704
#
# JRE version:  (25.0.2+1) (build )
# Java VM: OpenJDK 64-Bit Server VM (25.0.2+1-b329.117, mixed mode, sharing, tiered, compressed oops, compressed class ptrs, g1 gc, windows-amd64)
# No core dump will be written. Minidumps are not enabled by default on client versions of Windows
#

---------------  S U M M A R Y ------------

Command Line: git4idea.http.GitAskPassApp Username for 'https://github.com': 

Host: Intel(R) Core(TM) i5-8300H CPU @ 2.30GHz, 8 cores, 15G,  Windows 11 , 64 bit Build 26100 (10.0.26100.8246)
Time: Mon Jul  6 22:26:31 2026 E. Africa Standard Time elapsed time: 0.089397 seconds (0d 0h 0m 0s)

---------------  T H R E A D  ---------------

Current thread (0x000002d5f8b43a50):  JavaThread "Unknown thread" [_thread_in_vm, id=18704, stack(0x000000f241a00000,0x000000f241b00000) (1024K)]

Stack: [0x000000f241a00000,0x000000f241b00000]
Native frames: (J=compiled Java code, j=interpreted, Vv=VM code, C=native code)
V  [jvm.dll+0x7c0cc9]  (no source info available)
V  [jvm.dll+0x78a49d]  (no source info available)
V  [jvm.dll+0xa0e693]  (no source info available)
V  [jvm.dll+0xa10e8c]  (no source info available)
V  [jvm.dll+0xa11583]  (no source info available)
V  [jvm.dll+0x307b46]  (no source info available)
V  [jvm.dll+0x7bced5]  (no source info available)
V  [jvm.dll+0x7afe97]  (no source info available)
V  [jvm.dll+0x40159e]  (no source info available)
V  [jvm.dll+0x4093bb]  (no source info available)
V  [jvm.dll+0x3f5bf9]  (no source info available)
V  [jvm.dll+0x3f5eab]  (no source info available)
V  [jvm.dll+0x3cc053]  (no source info available)
V  [jvm.dll+0x3cccbe]  (no source info available)
V  [jvm.dll+0x9d4a07]  (no source info available)
V  [jvm.dll+0x466ce2]  (no source info available)
V  [jvm.dll+0x9b8139]  (no source info available)
V  [jvm.dll+0x508a01]  (no source info available)
V  [jvm.dll+0x50a371]  (no source info available)
C  [jli.dll+0x541a]  (no source info available)
C  [ucrtbase.dll+0x37b0]  (no source info available)
C  [KERNEL32.DLL+0x2e8d7]  (no source info available)
C  [ntdll.dll+0x8c3fc]  (no source info available)

Lock stack of current Java thread (top to bottom):


---------------  P R O C E S S  ---------------

Threads class SMR info:
_java_thread_list=0x00007ffc08569108, length=0, elements={
}

Java Threads: ( => current thread )
Total: 0

Other Threads:
  0x000002d5fb058300 WorkerThread "GC Thread#0"                     [id=25280, stack(0x000000f241b00000,0x000000f241c00000) (1024K)]
  0x000002d5fb071030 ConcurrentGCThread "G1 Main Marker"            [id=25276, stack(0x000000f241c00000,0x000000f241d00000) (1024K)]
  0x000002d5fb072be0 WorkerThread "G1 Conc#0"                       [id=25092, stack(0x000000f241d00000,0x000000f241e00000) (1024K)]

[error occurred during error reporting (printing all threads), id 0xc0000005, EXCEPTION_ACCESS_VIOLATION (0xc0000005) at pc=0x00007ffc07b80caa]
VM state: not at safepoint (not fully initialized)

VM Mutex/Monitor currently owned by a thread:  ([mutex/lock_event])
[0x00007ffc085f1d10] Heap_lock - owner thread: 0x000002d5f8b43a50

Heap address: 0x0000000702600000, size: 4058 MB, Compressed Oops mode: Zero based, Oop shift amount: 3

CDS archive(s) mapped at: [0x0000000000000000-0x0000000000000000-0x0000000000000000), size 0, SharedBaseAddress: 0x0000000800000000, ArchiveRelocationMode: 1.
UseCompressedClassPointers 1, UseCompactObjectHeaders 0
Narrow klass pointer bits 32, Max shift 3
Narrow klass base: 0xffffffffffffffff, Narrow klass shift: -1
Encoding Range: [0xffffffffffffffff - 0x000000007fffffff), (2147483648 bytes)
Klass Range:    [0x0000000000000000 - 0x0000000000000000), (0 bytes)
Klass ID Range:  [4294967295 - 0) (1)
No protection zone.

GC Precious Log:
 CardTable entry size: 512
 Card Set container configuration: InlinePtr #cards 4 size 8 Array Of Cards #cards 16 size 48 Howl #buckets 8 coarsen threshold 3686 Howl Bitmap #cards 512 size 80 coarsen threshold 460 Card regions per heap region 1 cards per card region 4096

Heap:
 garbage-first heap   total reserved 4155392K, committed 0K, used 0K [0x0000000702600000, 0x0000000800000000)
  region size 2048K, 0 young (0K), 0 survivors (0K)

Heap Regions: E=young(eden), S=young(survivor), O=old, HS=humongous(starts), HC=humongous(continues), CS=collection set, F=free, TAMS=top-at-mark-start, PB=parsable bottom

Card table byte_map: [0x000002d58f000000,0x000002d58f7f0000] _byte_map_base: 0x000002d58b7ed000

Marking Bits: (CMBitMap*) 0x000002d5fb058a90
 Bits: [0x000002d58f7f0000, 0x000002d593758000)

GC Heap Usage History (0 events):
No events

Metaspace Usage History (0 events):
No events

Dll operation events (1 events):
Event: 0.032 Loaded shared library C:\Users\nahom\AppData\Local\Programs\Rider\jbr\bin\java.dll

Deoptimization events (0 events):
No events

Classes loaded (0 events):
No events

Classes unloaded (0 events):
No events

Classes redefined (0 events):
No events

Internal exceptions (0 events):
No events

VM Operations (0 events):
No events

Memory protections (0 events):
No events

Nmethod flushes (0 events):
No events

Events (0 events):
No events


Dynamic libraries:
0x00007ff75b3c0000 - 0x00007ff75b3ca000 	C:\Users\nahom\AppData\Local\Programs\Rider\jbr\bin\java.exe
0x00007ffc99cc0000 - 0x00007ffc99f27000 	C:\WINDOWS\SYSTEM32\ntdll.dll
0x00007ffc99a80000 - 0x00007ffc99b49000 	C:\WINDOWS\System32\KERNEL32.DLL
0x00007ffc96780000 - 0x00007ffc96b74000 	C:\WINDOWS\System32\KERNELBASE.dll
0x00007ffc976b0000 - 0x00007ffc977fb000 	C:\WINDOWS\System32\ucrtbase.dll
0x00007ffc34850000 - 0x00007ffc34867000 	C:\Users\nahom\AppData\Local\Programs\Rider\jbr\bin\jli.dll
0x00007ffc98b40000 - 0x00007ffc98d05000 	C:\WINDOWS\System32\USER32.dll
0x00007ffc97970000 - 0x00007ffc97997000 	C:\WINDOWS\System32\win32u.dll
0x00007ffc99a40000 - 0x00007ffc99a6b000 	C:\WINDOWS\System32\GDI32.dll
0x00007ffc96650000 - 0x00007ffc9677b000 	C:\WINDOWS\System32\gdi32full.dll
0x00007ffc97600000 - 0x00007ffc976a3000 	C:\WINDOWS\System32\msvcp_win.dll
0x00007ffc86c60000 - 0x00007ffc86c7e000 	C:\Users\nahom\AppData\Local\Programs\Rider\jbr\bin\VCRUNTIME140.dll
0x00007ffc85190000 - 0x00007ffc85423000 	C:\WINDOWS\WinSxS\amd64_microsoft.windows.common-controls_6595b64144ccf1df_6.0.26100.8115_none_3e075c82e3354f9c\COMCTL32.dll
0x00007ffc986a0000 - 0x00007ffc98749000 	C:\WINDOWS\System32\msvcrt.dll
0x00007ffc98470000 - 0x00007ffc984a2000 	C:\WINDOWS\System32\IMM32.DLL
0x00007ffc90050000 - 0x00007ffc9005c000 	C:\Users\nahom\AppData\Local\Programs\Rider\jbr\bin\vcruntime140_1.dll
0x00007ffc6dcb0000 - 0x00007ffc6dd39000 	C:\Users\nahom\AppData\Local\Programs\Rider\jbr\bin\msvcp140.dll
0x00007ffc077a0000 - 0x00007ffc086f2000 	C:\Users\nahom\AppData\Local\Programs\Rider\jbr\bin\server\jvm.dll
0x00007ffc99130000 - 0x00007ffc991e6000 	C:\WINDOWS\System32\ADVAPI32.dll
0x00007ffc99b50000 - 0x00007ffc99bf7000 	C:\WINDOWS\System32\sechost.dll
0x00007ffc97fe0000 - 0x00007ffc980f8000 	C:\WINDOWS\System32\RPCRT4.dll
0x00007ffc990a0000 - 0x00007ffc99120000 	C:\WINDOWS\System32\WS2_32.dll
0x00007ffc963f0000 - 0x00007ffc9644e000 	C:\WINDOWS\SYSTEM32\POWRPROF.dll
0x00007ffc87a60000 - 0x00007ffc87a96000 	C:\WINDOWS\SYSTEM32\WINMM.dll
0x00007ffc8f770000 - 0x00007ffc8f77b000 	C:\WINDOWS\SYSTEM32\VERSION.dll
0x00007ffc963d0000 - 0x00007ffc963e4000 	C:\WINDOWS\SYSTEM32\UMPDC.dll
0x00007ffc95320000 - 0x00007ffc9533b000 	C:\WINDOWS\SYSTEM32\kernel.appcore.dll
0x00007ffc90000000 - 0x00007ffc9000a000 	C:\Users\nahom\AppData\Local\Programs\Rider\jbr\bin\jimage.dll
0x00007ffc85510000 - 0x00007ffc85752000 	C:\WINDOWS\SYSTEM32\DBGHELP.DLL
0x00007ffc98d10000 - 0x00007ffc99092000 	C:\WINDOWS\System32\combase.dll
0x00007ffc988f0000 - 0x00007ffc989c8000 	C:\WINDOWS\System32\OLEAUT32.dll
0x00007ffc7a6e0000 - 0x00007ffc7a71b000 	C:\WINDOWS\SYSTEM32\dbgcore.DLL
0x00007ffc979a0000 - 0x00007ffc97a45000 	C:\WINDOWS\System32\bcryptPrimitives.dll
0x00007ffc86c40000 - 0x00007ffc86c5f000 	C:\Users\nahom\AppData\Local\Programs\Rider\jbr\bin\java.dll
0x00007ffc98750000 - 0x00007ffc988e7000 	C:\WINDOWS\System32\ole32.dll
0x00007ffc992d0000 - 0x00007ffc99a37000 	C:\WINDOWS\System32\SHELL32.dll
0x00007ffc97800000 - 0x00007ffc9796a000 	C:\WINDOWS\System32\wintypes.dll

JVMTI agents: none

dbghelp: loaded successfully - version: 4.0.5 - missing functions: none
symbol engine: initialized successfully - sym options: 0x614 - pdb path: .;C:\Users\nahom\AppData\Local\Programs\Rider\jbr\bin;C:\WINDOWS\SYSTEM32;C:\WINDOWS\WinSxS\amd64_microsoft.windows.common-controls_6595b64144ccf1df_6.0.26100.8115_none_3e075c82e3354f9c;C:\Users\nahom\AppData\Local\Programs\Rider\jbr\bin\server

VM Arguments:
java_command: git4idea.http.GitAskPassApp Username for 'https://github.com': 
java_class_path (initial): C:/Users/nahom/AppData/Local/Programs/Rider/plugins/vcs-git/lib/git4idea-rt.jar;C:/Users/nahom/AppData/Local/Programs/Rider/lib/externalProcess-rt.jar
Launcher Type: SUN_STANDARD

[Global flags]
     intx CICompilerCount                          = 4                                         {product} {ergonomic}
     uint ConcGCThreads                            = 2                                         {product} {ergonomic}
     uint G1ConcRefinementThreads                  = 8                                         {product} {ergonomic}
   size_t G1HeapRegionSize                         = 2097152                                   {product} {ergonomic}
   size_t InitialHeapSize                          = 266338304                                 {product} {ergonomic}
   size_t MarkStackSize                            = 4194304                                   {product} {ergonomic}
   size_t MarkStackSizeMax                         = 536870912                                 {product} {ergonomic}
   size_t MaxHeapSize                              = 4255121408                                {product} {ergonomic}
   size_t MinHeapDeltaBytes                        = 2097152                                   {product} {ergonomic}
   size_t MinHeapSize                              = 8388608                                   {product} {ergonomic}
    uintx NonNMethodCodeHeapSize                   = 5832704                                {pd product} {ergonomic}
    uintx NonProfiledCodeHeapSize                  = 122945536                              {pd product} {ergonomic}
    uintx ProfiledCodeHeapSize                     = 122880000                              {pd product} {ergonomic}
    uintx ReservedCodeCacheSize                    = 251658240                              {pd product} {ergonomic}
     bool SegmentedCodeCache                       = true                                      {product} {ergonomic}
   size_t SoftMaxHeapSize                          = 4255121408                             {manageable} {ergonomic}
     bool UseCompressedOops                        = true                           {product lp64_product} {ergonomic}
     bool UseG1GC                                  = true                                      {product} {ergonomic}
     bool UseLargePagesIndividualAllocation        = false                                  {pd product} {ergonomic}

Logging:
Log output configuration:
 #0: stdout all=warning uptime,level,tags foldmultilines=false
 #1: stderr all=off uptime,level,tags foldmultilines=false

Release file:
<release file has not been read>
Environment Variables:
PATH=C:/Program Files/Git/mingw64/libexec/git-core;C:/Program Files/Git/mingw64/libexec/git-core;C:\Program Files\Git\mingw64\bin;C:\Program Files\Git\usr\bin;C:\Users\nahom\bin;C:\Program Files\Eclipse Adoptium\jdk-25.0.3.9-hotspot\bin;C:\Python314\Scripts\;C:\Python314\;c:\Users\nahom\AppData\Local\Programs\cursor\resources\app\bin;C:\Program Files (x86)\Intel\Intel(R) Management Engine Components\iCLS\;C:\Program Files\Intel\Intel(R) Management Engine Components\iCLS\;C:\WINDOWS\system32;C:\WINDOWS;C:\WINDOWS\System32\Wbem;C:\WINDOWS\System32\WindowsPowerShell\v1.0\;C:\WINDOWS\System32\OpenSSH\;C:\Program Files (x86)\Intel\Intel(R) Management Engine Components\DAL;C:\Program Files\Intel\Intel(R) Management Engine Components\DAL;C:\Program Files (x86)\Intel\Intel(R) Management Engine Components\IPT;C:\Program Files\Intel\Intel(R) Management Engine Components\IPT;C:\Program Files\Microsoft SQL Server\Client SDK\ODBC\110\Tools\Binn\;C:\Program Files\Git\cmd;C:\Program Files\Microsoft SQL Server\Client SDK\ODBC\170\Tools\Binn\;C:\Program Files (x86)\Microsoft SQL Server\160\To;C:\Program Files\dotnet\;C:\Program Files\nodejs\;C:\ProgramData\chocolatey\bin;C:\Program Files\Docker\Docker\resources\bin;C:\Users\nahom\AppData\Local\Android\Sdk\platform-tools;C:\Users\nahom\AppData\Local\Programs\Python\Python313\Scripts\;C:\Users\nahom\AppData\Local\Programs\Python\Python313\;C:\Users\nahom\AppData\Local\Programs\Python\Launcher\;C:\Users\nahom\AppData\Local\Microsoft\WindowsApps;C:\Program Files\Azure Data Studio\bin;C:\Users\nahom\.dotnet\tools;C:\Users\nahom\AppData\Local\Programs\cursor\resources\app\bin;C:\Users\nahom\AppData\Local\JetBrains\Toolbox\scripts;C:\Users\nahom\.dotnet\tools;C:\Users\nahom\AppData\Roaming\npm;C:\Users\nahom\AppData\Local\Programs\Antigravity\bin;C:\Users\nahom\AppData\Local\Programs\Antigravity IDE\bin
USERNAME=nahom
DISPLAY=:0.0
LC_ALL=en_US.UTF-8
TERM=xterm-256color
TMPDIR=C:\Users\nahom\AppData\Local\Temp
OS=Windows_NT
PROCESSOR_IDENTIFIER=Intel64 Family 6 Model 158 Stepping 10, GenuineIntel
TMP=C:\Users\nahom\AppData\Local\Temp
TEMP=C:\Users\nahom\AppData\Local\Temp




Compilation memory statistics disabled.

Periodic native trim disabled

JNI global refs:
JNI global refs: 0, weak refs: 0

JNI global refs memory usage: 0, weak refs: 0

Process memory usage:
Resident Set Size: 14296K (0% of 16615732K total physical memory with 2114956K free physical memory)

OOME stack traces (most recent first):
Classloader memory used:

---------------  S Y S T E M  ---------------

OS:
 Windows 11 , 64 bit Build 26100 (10.0.26100.8246)
OS uptime: 3 days 3:51 hours
Hyper-V role detected

CPU: total 8 (initial active 8) (4 cores per cpu, 2 threads per core) family 6 model 158 stepping 10 microcode 0xde, cx8, cmov, fxsr, ht, mmx, 3dnowpref, sse, sse2, sse3, ssse3, sse4.1, sse4.2, popcnt, lzcnt, tsc, tscinvbit, avx, avx2, aes, erms, clmul, bmi1, bmi2, adx, fma, vzeroupper, clflush, clflushopt, hv, rdtscp, f16c
Processor Information for the first 8 processors :
  Max Mhz: 2304, Current Mhz: 2304, Mhz Limit: 2304

Memory: 4k page, system-wide physical 16226M (2065M free)
TotalPageFile size 20214M (AvailPageFile size 213M)
current process WorkingSet (physical memory assigned to process): 14M, peak: 14M
current process commit charge ("private bytes"): 61M, peak: 314M

vm_info: OpenJDK 64-Bit Server VM (25.0.2+1-b329.117) for windows-amd64 JRE (25.0.2+1-b329.117), built on 2026-04-20 with MS VC++ 17.14 (VS2022)

END.
